300: ftp://mirror.csclub.uwaterloo.ca/x.org/X11R7.7/src/app/
200: filename content-length last-modified file-type
201: "CHECKSUMS" 18692 Sun%2C%2006%20Jun%202012%2000%3A00%3A00 FILE 
201: "bdftopcf-1.0.3.tar.bz2" 46 Sun%2C%2019%20Dec%202013%2000%3A00%3A00 SYMBOLIC-LINK 
201: "bdftopcf-1.0.3.tar.gz" 45 Sun%2C%2019%20Dec%202013%2000%3A00%3A00 SYMBOLIC-LINK 
201: "iceauth-1.0.5.tar.bz2" 45 Sun%2C%2019%20Dec%202013%2000%3A00%3A00 SYMBOLIC-LINK 
201: "iceauth-1.0.5.tar.gz" 44 Sun%2C%2019%20Dec%202013%2000%3A00%3A00 SYMBOLIC-LINK 
201: "luit-1.1.1.tar.bz2" 42 Sun%2C%2019%20Dec%202013%2000%3A00%3A00 SYMBOLIC-LINK 
201: "luit-1.1.1.tar.gz" 41 Sun%2C%2019%20Dec%202013%2000%3A00%3A00 SYMBOLIC-LINK 
201: "mkfontdir-1.0.7.tar.bz2" 47 Sun%2C%2019%20Dec%202013%2000%3A00%3A00 SYMBOLIC-LINK 
201: "mkfontdir-1.0.7.tar.gz" 46 Sun%2C%2019%20Dec%202013%2000%3A00%3A00 SYMBOLIC-LINK 
201: "mkfontscale-1.1.0.tar.bz2" 49 Sun%2C%2019%20Dec%202013%2000%3A00%3A00 SYMBOLIC-LINK 
201: "mkfontscale-1.1.0.tar.gz" 48 Sun%2C%2019%20Dec%202013%2000%3A00%3A00 SYMBOLIC-LINK 
201: "sessreg-1.0.7.tar.bz2" 45 Sun%2C%2019%20Dec%202013%2000%3A00%3A00 SYMBOLIC-LINK 
201: "sessreg-1.0.7.tar.gz" 44 Sun%2C%2019%20Dec%202013%2000%3A00%3A00 SYMBOLIC-LINK 
201: "setxkbmap-1.3.0.tar.bz2" 47 Sun%2C%2019%20Dec%202013%2000%3A00%3A00 SYMBOLIC-LINK 
201: "setxkbmap-1.3.0.tar.gz" 46 Sun%2C%2019%20Dec%202013%2000%3A00%3A00 SYMBOLIC-LINK 
201: "smproxy-1.0.5.tar.bz2" 45 Sun%2C%2019%20Dec%202013%2000%3A00%3A00 SYMBOLIC-LINK 
201: "smproxy-1.0.5.tar.gz" 44 Sun%2C%2019%20Dec%202013%2000%3A00%3A00 SYMBOLIC-LINK 
201: "x11perf-1.5.4.tar.bz2" 45 Sun%2C%2019%20Dec%202013%2000%3A00%3A00 SYMBOLIC-LINK 
201: "x11perf-1.5.4.tar.gz" 44 Sun%2C%2019%20Dec%202013%2000%3A00%3A00 SYMBOLIC-LINK 
201: "xauth-1.0.7.tar.bz2" 43 Sun%2C%2019%20Dec%202013%2000%3A00%3A00 SYMBOLIC-LINK 
201: "xauth-1.0.7.tar.gz" 42 Sun%2C%2019%20Dec%202013%2000%3A00%3A00 SYMBOLIC-LINK 
201: "xbacklight-1.1.2.tar.bz2" 48 Sun%2C%2019%20Dec%202013%2000%3A00%3A00 SYMBOLIC-LINK 
201: "xbacklight-1.1.2.tar.gz" 47 Sun%2C%2019%20Dec%202013%2000%3A00%3A00 SYMBOLIC-LINK 
201: "xcmsdb-1.0.4.tar.bz2" 44 Sun%2C%2019%20Dec%202013%2000%3A00%3A00 SYMBOLIC-LINK 
201: "xcmsdb-1.0.4.tar.gz" 43 Sun%2C%2019%20Dec%202013%2000%3A00%3A00 SYMBOLIC-LINK 
201: "xcursorgen-1.0.5.tar.bz2" 48 Sun%2C%2019%20Dec%202013%2000%3A00%3A00 SYMBOLIC-LINK 
201: "xcursorgen-1.0.5.tar.gz" 47 Sun%2C%2019%20Dec%202013%2000%3A00%3A00 SYMBOLIC-LINK 
201: "xdpyinfo-1.3.0.tar.bz2" 46 Sun%2C%2019%20Dec%202013%2000%3A00%3A00 SYMBOLIC-LINK 
201: "xdpyinfo-1.3.0.tar.gz" 45 Sun%2C%2019%20Dec%202013%2000%3A00%3A00 SYMBOLIC-LINK 
201: "xdriinfo-1.0.4.tar.bz2" 46 Sun%2C%2019%20Dec%202013%2000%3A00%3A00 SYMBOLIC-LINK 
201: "xdriinfo-1.0.4.tar.gz" 45 Sun%2C%2019%20Dec%202013%2000%3A00%3A00 SYMBOLIC-LINK 
201: "xev-1.2.0.tar.bz2" 41 Sun%2C%2019%20Dec%202013%2000%3A00%3A00 SYMBOLIC-LINK 
201: "xev-1.2.0.tar.gz" 40 Sun%2C%2019%20Dec%202013%2000%3A00%3A00 SYMBOLIC-LINK 
201: "xgamma-1.0.5.tar.bz2" 44 Sun%2C%2019%20Dec%202013%2000%3A00%3A00 SYMBOLIC-LINK 
201: "xgamma-1.0.5.tar.gz" 43 Sun%2C%2019%20Dec%202013%2000%3A00%3A00 SYMBOLIC-LINK 
201: "xhost-1.0.5.tar.bz2" 43 Sun%2C%2019%20Dec%202013%2000%3A00%3A00 SYMBOLIC-LINK 
201: "xhost-1.0.5.tar.gz" 42 Sun%2C%2019%20Dec%202013%2000%3A00%3A00 SYMBOLIC-LINK 
201: "xinput-1.6.0.tar.bz2" 44 Sun%2C%2019%20Dec%202013%2000%3A00%3A00 SYMBOLIC-LINK 
201: "xinput-1.6.0.tar.gz" 43 Sun%2C%2019%20Dec%202013%2000%3A00%3A00 SYMBOLIC-LINK 
201: "xkbcomp-1.2.4.tar.bz2" 45 Sun%2C%2019%20Dec%202013%2000%3A00%3A00 SYMBOLIC-LINK 
201: "xkbcomp-1.2.4.tar.gz" 44 Sun%2C%2019%20Dec%202013%2000%3A00%3A00 SYMBOLIC-LINK 
201: "xkbevd-1.1.3.tar.bz2" 44 Sun%2C%2019%20Dec%202013%2000%3A00%3A00 SYMBOLIC-LINK 
201: "xkbevd-1.1.3.tar.gz" 43 Sun%2C%2019%20Dec%202013%2000%3A00%3A00 SYMBOLIC-LINK 
201: "xkbutils-1.0.3.tar.bz2" 46 Sun%2C%2019%20Dec%202013%2000%3A00%3A00 SYMBOLIC-LINK 
201: "xkbutils-1.0.3.tar.gz" 45 Sun%2C%2019%20Dec%202013%2000%3A00%3A00 SYMBOLIC-LINK 
201: "xkill-1.0.3.tar.bz2" 43 Sun%2C%2019%20Dec%202013%2000%3A00%3A00 SYMBOLIC-LINK 
201: "xkill-1.0.3.tar.gz" 42 Sun%2C%2019%20Dec%202013%2000%3A00%3A00 SYMBOLIC-LINK 
201: "xlsatoms-1.1.1.tar.bz2" 46 Sun%2C%2019%20Dec%202013%2000%3A00%3A00 SYMBOLIC-LINK 
201: "xlsatoms-1.1.1.tar.gz" 45 Sun%2C%2019%20Dec%202013%2000%3A00%3A00 SYMBOLIC-LINK 
201: "xlsclients-1.1.2.tar.bz2" 48 Sun%2C%2019%20Dec%202013%2000%3A00%3A00 SYMBOLIC-LINK 
201: "xlsclients-1.1.2.tar.gz" 47 Sun%2C%2019%20Dec%202013%2000%3A00%3A00 SYMBOLIC-LINK 
201: "xmodmap-1.0.7.tar.bz2" 45 Sun%2C%2019%20Dec%202013%2000%3A00%3A00 SYMBOLIC-LINK 
201: "xmodmap-1.0.7.tar.gz" 44 Sun%2C%2019%20Dec%202013%2000%3A00%3A00 SYMBOLIC-LINK 
201: "xpr-1.0.4.tar.bz2" 41 Sun%2C%2019%20Dec%202013%2000%3A00%3A00 SYMBOLIC-LINK 
201: "xpr-1.0.4.tar.gz" 40 Sun%2C%2019%20Dec%202013%2000%3A00%3A00 SYMBOLIC-LINK 
201: "xprop-1.2.1.tar.bz2" 43 Sun%2C%2019%20Dec%202013%2000%3A00%3A00 SYMBOLIC-LINK 
201: "xprop-1.2.1.tar.gz" 42 Sun%2C%2019%20Dec%202013%2000%3A00%3A00 SYMBOLIC-LINK 
201: "xrandr-1.3.5.tar.bz2" 44 Sun%2C%2019%20Dec%202013%2000%3A00%3A00 SYMBOLIC-LINK 
201: "xrandr-1.3.5.tar.gz" 43 Sun%2C%2019%20Dec%202013%2000%3A00%3A00 SYMBOLIC-LINK 
201: "xrdb-1.0.9.tar.bz2" 42 Sun%2C%2019%20Dec%202013%2000%3A00%3A00 SYMBOLIC-LINK 
201: "xrdb-1.0.9.tar.gz" 41 Sun%2C%2019%20Dec%202013%2000%3A00%3A00 SYMBOLIC-LINK 
201: "xrefresh-1.0.4.tar.bz2" 46 Sun%2C%2019%20Dec%202013%2000%3A00%3A00 SYMBOLIC-LINK 
201: "xrefresh-1.0.4.tar.gz" 45 Sun%2C%2019%20Dec%202013%2000%3A00%3A00 SYMBOLIC-LINK 
201: "xset-1.2.2.tar.bz2" 42 Sun%2C%2019%20Dec%202013%2000%3A00%3A00 SYMBOLIC-LINK 
201: "xset-1.2.2.tar.gz" 41 Sun%2C%2019%20Dec%202013%2000%3A00%3A00 SYMBOLIC-LINK 
201: "xsetroot-1.1.0.tar.bz2" 46 Sun%2C%2019%20Dec%202013%2000%3A00%3A00 SYMBOLIC-LINK 
201: "xsetroot-1.1.0.tar.gz" 45 Sun%2C%2019%20Dec%202013%2000%3A00%3A00 SYMBOLIC-LINK 
201: "xvinfo-1.1.1.tar.bz2" 44 Sun%2C%2019%20Dec%202013%2000%3A00%3A00 SYMBOLIC-LINK 
201: "xvinfo-1.1.1.tar.gz" 43 Sun%2C%2019%20Dec%202013%2000%3A00%3A00 SYMBOLIC-LINK 
201: "xwd-1.0.5.tar.bz2" 41 Sun%2C%2019%20Dec%202013%2000%3A00%3A00 SYMBOLIC-LINK 
201: "xwd-1.0.5.tar.gz" 40 Sun%2C%2019%20Dec%202013%2000%3A00%3A00 SYMBOLIC-LINK 
201: "xwininfo-1.1.2.tar.bz2" 46 Sun%2C%2019%20Dec%202013%2000%3A00%3A00 SYMBOLIC-LINK 
201: "xwininfo-1.1.2.tar.gz" 45 Sun%2C%2019%20Dec%202013%2000%3A00%3A00 SYMBOLIC-LINK 
201: "xwud-1.0.4.tar.bz2" 42 Sun%2C%2019%20Dec%202013%2000%3A00%3A00 SYMBOLIC-LINK 
201: "xwud-1.0.4.tar.gz" 41 Sun%2C%2019%20Dec%202013%2000%3A00%3A00 SYMBOLIC-LINK 
