300: ftp://mirror.csclub.uwaterloo.ca/x.org/X11R7.7/src/lib/
200: filename content-length last-modified file-type
201: "CHECKSUMS" 18100 Sun%2C%2006%20Jun%202012%2000%3A00%3A00 FILE 
201: "libAppleWM-1.4.1.tar.bz2" 48 Sun%2C%2019%20Dec%202013%2000%3A00%3A00 SYMBOLIC-LINK 
201: "libAppleWM-1.4.1.tar.gz" 47 Sun%2C%2019%20Dec%202013%2000%3A00%3A00 SYMBOLIC-LINK 
201: "libFS-1.0.4.tar.bz2" 43 Sun%2C%2019%20Dec%202013%2000%3A00%3A00 SYMBOLIC-LINK 
201: "libFS-1.0.4.tar.gz" 42 Sun%2C%2019%20Dec%202013%2000%3A00%3A00 SYMBOLIC-LINK 
201: "libICE-1.0.8.tar.bz2" 44 Sun%2C%2019%20Dec%202013%2000%3A00%3A00 SYMBOLIC-LINK 
201: "libICE-1.0.8.tar.gz" 43 Sun%2C%2019%20Dec%202013%2000%3A00%3A00 SYMBOLIC-LINK 
201: "libSM-1.2.1.tar.bz2" 43 Sun%2C%2019%20Dec%202013%2000%3A00%3A00 SYMBOLIC-LINK 
201: "libSM-1.2.1.tar.gz" 42 Sun%2C%2019%20Dec%202013%2000%3A00%3A00 SYMBOLIC-LINK 
201: "libWindowsWM-1.0.1.tar.bz2" 50 Sun%2C%2019%20Dec%202013%2000%3A00%3A00 SYMBOLIC-LINK 
201: "libWindowsWM-1.0.1.tar.gz" 49 Sun%2C%2019%20Dec%202013%2000%3A00%3A00 SYMBOLIC-LINK 
201: "libX11-1.5.0.tar.bz2" 44 Sun%2C%2019%20Dec%202013%2000%3A00%3A00 SYMBOLIC-LINK 
201: "libX11-1.5.0.tar.gz" 43 Sun%2C%2019%20Dec%202013%2000%3A00%3A00 SYMBOLIC-LINK 
201: "libXScrnSaver-1.2.2.tar.bz2" 51 Sun%2C%2019%20Dec%202013%2000%3A00%3A00 SYMBOLIC-LINK 
201: "libXScrnSaver-1.2.2.tar.gz" 50 Sun%2C%2019%20Dec%202013%2000%3A00%3A00 SYMBOLIC-LINK 
201: "libXau-1.0.7.tar.bz2" 44 Sun%2C%2019%20Dec%202013%2000%3A00%3A00 SYMBOLIC-LINK 
201: "libXau-1.0.7.tar.gz" 43 Sun%2C%2019%20Dec%202013%2000%3A00%3A00 SYMBOLIC-LINK 
201: "libXaw-1.0.11.tar.bz2" 45 Sun%2C%2019%20Dec%202013%2000%3A00%3A00 SYMBOLIC-LINK 
201: "libXaw-1.0.11.tar.gz" 44 Sun%2C%2019%20Dec%202013%2000%3A00%3A00 SYMBOLIC-LINK 
201: "libXcomposite-0.4.3.tar.bz2" 51 Sun%2C%2019%20Dec%202013%2000%3A00%3A00 SYMBOLIC-LINK 
201: "libXcomposite-0.4.3.tar.gz" 50 Sun%2C%2019%20Dec%202013%2000%3A00%3A00 SYMBOLIC-LINK 
201: "libXcursor-1.1.13.tar.bz2" 49 Sun%2C%2019%20Dec%202013%2000%3A00%3A00 SYMBOLIC-LINK 
201: "libXcursor-1.1.13.tar.gz" 48 Sun%2C%2019%20Dec%202013%2000%3A00%3A00 SYMBOLIC-LINK 
201: "libXdamage-1.1.3.tar.bz2" 48 Sun%2C%2019%20Dec%202013%2000%3A00%3A00 SYMBOLIC-LINK 
201: "libXdamage-1.1.3.tar.gz" 47 Sun%2C%2019%20Dec%202013%2000%3A00%3A00 SYMBOLIC-LINK 
201: "libXdmcp-1.1.1.tar.bz2" 46 Sun%2C%2019%20Dec%202013%2000%3A00%3A00 SYMBOLIC-LINK 
201: "libXdmcp-1.1.1.tar.gz" 45 Sun%2C%2019%20Dec%202013%2000%3A00%3A00 SYMBOLIC-LINK 
201: "libXext-1.3.1.tar.bz2" 45 Sun%2C%2019%20Dec%202013%2000%3A00%3A00 SYMBOLIC-LINK 
201: "libXext-1.3.1.tar.gz" 44 Sun%2C%2019%20Dec%202013%2000%3A00%3A00 SYMBOLIC-LINK 
201: "libXfixes-5.0.tar.bz2" 45 Sun%2C%2019%20Dec%202013%2000%3A00%3A00 SYMBOLIC-LINK 
201: "libXfixes-5.0.tar.gz" 44 Sun%2C%2019%20Dec%202013%2000%3A00%3A00 SYMBOLIC-LINK 
201: "libXfont-1.4.5.tar.bz2" 46 Sun%2C%2019%20Dec%202013%2000%3A00%3A00 SYMBOLIC-LINK 
201: "libXfont-1.4.5.tar.gz" 45 Sun%2C%2019%20Dec%202013%2000%3A00%3A00 SYMBOLIC-LINK 
201: "libXft-2.3.1.tar.bz2" 44 Sun%2C%2019%20Dec%202013%2000%3A00%3A00 SYMBOLIC-LINK 
201: "libXft-2.3.1.tar.gz" 43 Sun%2C%2019%20Dec%202013%2000%3A00%3A00 SYMBOLIC-LINK 
201: "libXi-1.6.1.tar.bz2" 43 Sun%2C%2019%20Dec%202013%2000%3A00%3A00 SYMBOLIC-LINK 
201: "libXi-1.6.1.tar.gz" 42 Sun%2C%2019%20Dec%202013%2000%3A00%3A00 SYMBOLIC-LINK 
201: "libXinerama-1.1.2.tar.bz2" 49 Sun%2C%2019%20Dec%202013%2000%3A00%3A00 SYMBOLIC-LINK 
201: "libXinerama-1.1.2.tar.gz" 48 Sun%2C%2019%20Dec%202013%2000%3A00%3A00 SYMBOLIC-LINK 
201: "libXmu-1.1.1.tar.bz2" 44 Sun%2C%2019%20Dec%202013%2000%3A00%3A00 SYMBOLIC-LINK 
201: "libXmu-1.1.1.tar.gz" 43 Sun%2C%2019%20Dec%202013%2000%3A00%3A00 SYMBOLIC-LINK 
201: "libXpm-3.5.10.tar.bz2" 45 Sun%2C%2019%20Dec%202013%2000%3A00%3A00 SYMBOLIC-LINK 
201: "libXpm-3.5.10.tar.gz" 44 Sun%2C%2019%20Dec%202013%2000%3A00%3A00 SYMBOLIC-LINK 
201: "libXrandr-1.3.2.tar.bz2" 47 Sun%2C%2019%20Dec%202013%2000%3A00%3A00 SYMBOLIC-LINK 
201: "libXrandr-1.3.2.tar.gz" 46 Sun%2C%2019%20Dec%202013%2000%3A00%3A00 SYMBOLIC-LINK 
201: "libXrender-0.9.7.tar.bz2" 48 Sun%2C%2019%20Dec%202013%2000%3A00%3A00 SYMBOLIC-LINK 
201: "libXrender-0.9.7.tar.gz" 47 Sun%2C%2019%20Dec%202013%2000%3A00%3A00 SYMBOLIC-LINK 
201: "libXres-1.0.6.tar.bz2" 45 Sun%2C%2019%20Dec%202013%2000%3A00%3A00 SYMBOLIC-LINK 
201: "libXres-1.0.6.tar.gz" 44 Sun%2C%2019%20Dec%202013%2000%3A00%3A00 SYMBOLIC-LINK 
201: "libXt-1.1.3.tar.bz2" 43 Sun%2C%2019%20Dec%202013%2000%3A00%3A00 SYMBOLIC-LINK 
201: "libXt-1.1.3.tar.gz" 42 Sun%2C%2019%20Dec%202013%2000%3A00%3A00 SYMBOLIC-LINK 
201: "libXtst-1.2.1.tar.bz2" 45 Sun%2C%2019%20Dec%202013%2000%3A00%3A00 SYMBOLIC-LINK 
201: "libXtst-1.2.1.tar.gz" 44 Sun%2C%2019%20Dec%202013%2000%3A00%3A00 SYMBOLIC-LINK 
201: "libXv-1.0.7.tar.bz2" 43 Sun%2C%2019%20Dec%202013%2000%3A00%3A00 SYMBOLIC-LINK 
201: "libXv-1.0.7.tar.gz" 42 Sun%2C%2019%20Dec%202013%2000%3A00%3A00 SYMBOLIC-LINK 
201: "libXvMC-1.0.7.tar.bz2" 45 Sun%2C%2019%20Dec%202013%2000%3A00%3A00 SYMBOLIC-LINK 
201: "libXvMC-1.0.7.tar.gz" 44 Sun%2C%2019%20Dec%202013%2000%3A00%3A00 SYMBOLIC-LINK 
201: "libXxf86dga-1.1.3.tar.bz2" 49 Sun%2C%2019%20Dec%202013%2000%3A00%3A00 SYMBOLIC-LINK 
201: "libXxf86dga-1.1.3.tar.gz" 48 Sun%2C%2019%20Dec%202013%2000%3A00%3A00 SYMBOLIC-LINK 
201: "libXxf86vm-1.1.2.tar.bz2" 48 Sun%2C%2019%20Dec%202013%2000%3A00%3A00 SYMBOLIC-LINK 
201: "libXxf86vm-1.1.2.tar.gz" 47 Sun%2C%2019%20Dec%202013%2000%3A00%3A00 SYMBOLIC-LINK 
201: "libdmx-1.1.2.tar.bz2" 44 Sun%2C%2019%20Dec%202013%2000%3A00%3A00 SYMBOLIC-LINK 
201: "libdmx-1.1.2.tar.gz" 43 Sun%2C%2019%20Dec%202013%2000%3A00%3A00 SYMBOLIC-LINK 
201: "libfontenc-1.1.1.tar.bz2" 48 Sun%2C%2019%20Dec%202013%2000%3A00%3A00 SYMBOLIC-LINK 
201: "libfontenc-1.1.1.tar.gz" 47 Sun%2C%2019%20Dec%202013%2000%3A00%3A00 SYMBOLIC-LINK 
201: "libpciaccess-0.13.1.tar.bz2" 51 Sun%2C%2019%20Dec%202013%2000%3A00%3A00 SYMBOLIC-LINK 
201: "libpciaccess-0.13.1.tar.gz" 50 Sun%2C%2019%20Dec%202013%2000%3A00%3A00 SYMBOLIC-LINK 
201: "libxkbfile-1.0.8.tar.bz2" 48 Sun%2C%2019%20Dec%202013%2000%3A00%3A00 SYMBOLIC-LINK 
201: "libxkbfile-1.0.8.tar.gz" 47 Sun%2C%2019%20Dec%202013%2000%3A00%3A00 SYMBOLIC-LINK 
201: "xtrans-1.2.7.tar.bz2" 44 Sun%2C%2019%20Dec%202013%2000%3A00%3A00 SYMBOLIC-LINK 
201: "xtrans-1.2.7.tar.gz" 43 Sun%2C%2019%20Dec%202013%2000%3A00%3A00 SYMBOLIC-LINK 

